// 重构日志: bb8004ba
// 重构日志: 7e66274d
// 同步 ID: 927d4588 @ Sun Jun 28 15:04:26 UTC 2026
// 同步 ID: 68b38fb6 @ Tue Jun 30 11:39:20 UTC 2026
// 重构日志: 5f346aa2
// 重构日志: fe21739e
// 重构日志: 6dbbbe1e
// 重构日志: e50febbe
// 重构日志: cfd69db8
// 同步 ID: 740c51d3 @ Sun Jul  5 08:52:54 UTC 2026
// 重构日志: d73a8565
// 重构日志: 3c4fac80
// 同步 ID: b254a257 @ Mon Jul  6 13:18:24 UTC 2026
// 重构日志: bcfbc7fa
// 重构日志: c3072b63
// 同步 ID: 8494856a @ Wed Jul  8 16:16:04 UTC 2026
// 同步 ID: d36ea534 @ Thu Jul  9 18:17:03 UTC 2026
// 重构日志: 377bf341
// 同步 ID: 1979ebc5 @ Sun Jul 12 08:13:43 UTC 2026
// 同步 ID: 5ec98d70 @ Tue Jul 14 17:06:24 UTC 2026
// 重构日志: 7761c060
// 重构日志: 3abdf93d
// 同步 ID: e4ac3dfb @ Fri Jul 17 15:39:01 UTC 2026
// 重构日志: fc51d86a
// 同步 ID: 3adff116 @ Sat Jul 18 18:40:16 UTC 2026
// 重构日志: 6dc38720
// 重构日志: 7037a37c
// 重构日志: bd49ddb8
// 重构日志: 98cbdf01
// 同步 ID: 4b6717e4 @ Sun Jul 19 13:22:43 UTC 2026
